  dllmain.cpp
  Basic.cpp
  CoreUObject_functions.cpp
  Engine_functions.cpp
  FortniteGame_functions.cpp
C:\Users\antho\Desktop\GS en vif 5.41\BaseDetour\SDK\Basic.hpp(286,1): warning C4099: 'SDK::FName' : nom de type déjà rencontré avec 'struct' et utilisant maintenant 'class' (compilation du fichier source SDK\Engine_functions.cpp)
C:\Users\antho\Desktop\GS en vif 5.41\BaseDetour\SDK\Basic.hpp(285,7): message : voir la déclaration de 'SDK::FName' (compilation du fichier source SDK\Engine_functions.cpp)
C:\Users\antho\Desktop\GS en vif 5.41\BaseDetour\SDK\Basic.hpp(286,1): warning C4099: 'SDK::FName' : nom de type déjà rencontré avec 'struct' et utilisant maintenant 'class' (compilation du fichier source SDK\CoreUObject_functions.cpp)
C:\Users\antho\Desktop\GS en vif 5.41\BaseDetour\SDK\Basic.hpp(285,7): message : voir la déclaration de 'SDK::FName' (compilation du fichier source SDK\CoreUObject_functions.cpp)
C:\Users\antho\Desktop\GS en vif 5.41\BaseDetour\SDK\Basic.hpp(286,1): warning C4099: 'SDK::FName' : nom de type déjà rencontré avec 'struct' et utilisant maintenant 'class' (compilation du fichier source SDK\FortniteGame_functions.cpp)
C:\Users\antho\Desktop\GS en vif 5.41\BaseDetour\SDK\Basic.hpp(285,7): message : voir la déclaration de 'SDK::FName' (compilation du fichier source SDK\FortniteGame_functions.cpp)
C:\Users\antho\Desktop\GS en vif 5.41\BaseDetour\SDK\Basic.hpp(732,2): warning C4369: 'SDK::EClassFlags::NewerVersionExists' : la valeur de l'énumérateur '2147483648' ne peut pas être représentée sous la forme 'int', la valeur est '2147483648' (compilation du fichier source SDK\Engine_functions.cpp)
C:\Users\antho\Desktop\GS en vif 5.41\BaseDetour\SDK\Basic.hpp(732,2): warning C4369: 'SDK::EClassFlags::NewerVersionExists' : la valeur de l'énumérateur '2147483648' ne peut pas être représentée sous la forme 'int', la valeur est '2147483648' (compilation du fichier source SDK\CoreUObject_functions.cpp)
C:\Users\antho\Desktop\GS en vif 5.41\BaseDetour\SDK\Basic.hpp(732,2): warning C4369: 'SDK::EClassFlags::NewerVersionExists' : la valeur de l'énumérateur '2147483648' ne peut pas être représentée sous la forme 'int', la valeur est '2147483648' (compilation du fichier source SDK\FortniteGame_functions.cpp)
C:\Users\antho\Desktop\GS en vif 5.41\BaseDetour\SDK\CoreUObject_structs.hpp(344,31): warning C4244: 'return' : conversion de 'double' en 'SDK::FVector::UnderlayingType', perte possible de données (compilation du fichier source SDK\Engine_functions.cpp)
C:\Users\antho\Desktop\GS en vif 5.41\BaseDetour\SDK\Basic.hpp(286,1): warning C4099: 'SDK::FName' : nom de type déjà rencontré avec 'struct' et utilisant maintenant 'class' (compilation du fichier source SDK\Basic.cpp)
C:\Users\antho\Desktop\GS en vif 5.41\BaseDetour\SDK\Basic.hpp(285,7): message : voir la déclaration de 'SDK::FName' (compilation du fichier source SDK\Basic.cpp)
C:\Users\antho\Desktop\GS en vif 5.41\BaseDetour\SDK\CoreUObject_structs.hpp(344,31): warning C4244: 'return' : conversion de 'double' en 'SDK::FVector::UnderlayingType', perte possible de données (compilation du fichier source SDK\FortniteGame_functions.cpp)
C:\Users\antho\Desktop\GS en vif 5.41\BaseDetour\SDK\Basic.hpp(732,2): warning C4369: 'SDK::EClassFlags::NewerVersionExists' : la valeur de l'énumérateur '2147483648' ne peut pas être représentée sous la forme 'int', la valeur est '2147483648' (compilation du fichier source SDK\Basic.cpp)
C:\Users\antho\Desktop\GS en vif 5.41\BaseDetour\SDK\Basic.hpp(286,1): warning C4099: 'SDK::FName' : nom de type déjà rencontré avec 'struct' et utilisant maintenant 'class' (compilation du fichier source dllmain.cpp)
C:\Users\antho\Desktop\GS en vif 5.41\BaseDetour\SDK\Basic.hpp(285,7): message : voir la déclaration de 'SDK::FName' (compilation du fichier source dllmain.cpp)
C:\Users\antho\Desktop\GS en vif 5.41\BaseDetour\SDK\Basic.hpp(732,2): warning C4369: 'SDK::EClassFlags::NewerVersionExists' : la valeur de l'énumérateur '2147483648' ne peut pas être représentée sous la forme 'int', la valeur est '2147483648' (compilation du fichier source dllmain.cpp)
C:\Users\antho\Desktop\GS en vif 5.41\BaseDetour\SDK\CoreUObject_structs.hpp(344,31): warning C4244: 'return' : conversion de 'double' en 'SDK::FVector::UnderlayingType', perte possible de données (compilation du fichier source dllmain.cpp)
C:\Users\antho\Desktop\GS en vif 5.41\BaseDetour\SDK\CoreUObject_structs.hpp(344,31): warning C4244: 'return' : conversion de 'double' en 'SDK::FVector::UnderlayingType', perte possible de données (compilation du fichier source SDK\Basic.cpp)
C:\Users\antho\Desktop\GS en vif 5.41\BaseDetour\SDK\HeadMountedDisplay_structs.hpp(27,2): warning C4309: 'initialisation' : troncation de valeur de constante (compilation du fichier source dllmain.cpp)
C:\Users\antho\Desktop\GS en vif 5.41\BaseDetour\SDK\HeadMountedDisplay_structs.hpp(27,2): warning C4369: 'SDK::EXRTrackedDeviceType::EXRTrackedDeviceType_MAX' : la valeur de l'énumérateur '256' ne peut pas être représentée sous la forme 'unsigned char', la valeur est '256' (compilation du fichier source dllmain.cpp)
C:\Users\antho\Desktop\GS en vif 5.41\BaseDetour\Util.h(156,31): warning C4244: '=' : conversion de 'double' en 'float', perte possible de données (compilation du fichier source dllmain.cpp)
C:\Users\antho\Desktop\GS en vif 5.41\BaseDetour\Util.h(172,50): message : voir la référence à l'instanciation de la fonction modèle 'ActorType *Util::SpawnActor<SDK::APlayerPawn_Athena_C>(SDK::UClass *,SDK::FVector,SDK::FRotator,SDK::FVector)' en cours de compilation
          with
          [
              ActorType=SDK::APlayerPawn_Athena_C
          ] (compilation du fichier source dllmain.cpp)
C:\Users\antho\Desktop\GS en vif 5.41\BaseDetour\Util.h(157,32): warning C4244: '=' : conversion de 'double' en 'float', perte possible de données (compilation du fichier source dllmain.cpp)
C:\Users\antho\Desktop\GS en vif 5.41\BaseDetour\Util.h(158,31): warning C4244: '=' : conversion de 'double' en 'float', perte possible de données (compilation du fichier source dllmain.cpp)
C:\Users\antho\Desktop\GS en vif 5.41\BaseDetour\Util.h(159,31): warning C4244: '=' : conversion de 'double' en 'float', perte possible de données (compilation du fichier source dllmain.cpp)
  Génération de code en cours
C:\Users\antho\Desktop\GS en vif 5.41\BaseDetour\Globals.h(46): warning C4715: 'Globals::GetLocalPlayers' : les chemins de contrôle ne retournent pas tous une valeur
  308 of 314 functions (98.1%) were compiled, the rest were copied from previous compilation.
    7 functions were new in current compilation
    1 functions had inline decision re-evaluated but remain unchanged
  Fin de la génération du code
  BaseDetour.vcxproj -> C:\Users\antho\Desktop\GS en vif 5.41\BaseDetour\bin\Release\BaseDetour.dll
