C:\Program Files\Microsoft Visual Studio\2022\Community\MSBuild\Microsoft\VC\v170\Microsoft.CppBuild.targets(531,5): warning MSB8028: Le répertoire intermédiaire (obj\Release\) contient des fichiers partagés provenant d'un autre projet (BaseDetour.vcxproj). Cela peut entraîner un comportement de nettoyage et de regénération incorrect.
  dllmain.cpp
C:\Users\antho\Desktop\GS-Odyssey-5.41\GS-Odyssey-5.41\SDK\Basic.hpp(229,15): warning C4099: 'SDK::FUObjectItem' : nom de type déjà rencontré avec 'struct' et utilisant maintenant 'class'
C:\Users\antho\Desktop\GS-Odyssey-5.41\GS-Odyssey-5.41\SDK\Basic.hpp(298,7): warning C4099: 'SDK::FName' : nom de type déjà rencontré avec 'struct' et utilisant maintenant 'class'
C:\Users\antho\Desktop\GS-Odyssey-5.41\GS-Odyssey-5.41\SDK\Basic.hpp(799,2): warning C4369: 'SDK::EClassFlags::NewerVersionExists' : la valeur de l'énumérateur '2147483648' ne peut pas être représentée sous la forme 'int', la valeur est '2147483648'
C:\Users\antho\Desktop\GS-Odyssey-5.41\GS-Odyssey-5.41\SDK\CoreUObject_structs.hpp(349,31): warning C4244: 'return' : conversion de 'double' en 'SDK::FVector::UnderlayingType', perte possible de données
C:\Users\antho\Desktop\GS-Odyssey-5.41\GS-Odyssey-5.41\SDK\FortniteGame_classes.hpp(8742,10): warning C4099: 'SDK::UClass' : nom de type déjà rencontré avec 'class' et utilisant maintenant 'struct'
C:\Users\antho\Desktop\GS-Odyssey-5.41\GS-Odyssey-5.41\SDK\HeadMountedDisplay_structs.hpp(27,2): warning C4309: 'initialisation' : troncation de valeur de constante
C:\Users\antho\Desktop\GS-Odyssey-5.41\GS-Odyssey-5.41\SDK\HeadMountedDisplay_structs.hpp(27,2): warning C4369: 'SDK::EXRTrackedDeviceType::EXRTrackedDeviceType_MAX' : la valeur de l'énumérateur '256' ne peut pas être représentée sous la forme 'unsigned char', la valeur est '256'
C:\Users\antho\Desktop\GS-Odyssey-5.41\GS-Odyssey-5.41\util.h(96,12): warning C4477: 'printf' : la chaîne de format '%s' nécessite un argument de type 'char *', mais l'argument variadique 2 est de type 'std::string'
C:\Users\antho\Desktop\GS-Odyssey-5.41\GS-Odyssey-5.41\Functions\AntiCheatOdyssey.h(173,42): warning C4390: ';' : une instruction contrôlée a été trouvée vide ; est-ce ce que vous souhaitiez ?
C:\Users\antho\Desktop\GS-Odyssey-5.41\GS-Odyssey-5.41\Functions\Functions.h(267,76): warning C4244: 'argument' : conversion de 'UC::int32' en 'float', perte possible de données
C:\Users\antho\Desktop\GS-Odyssey-5.41\GS-Odyssey-5.41\Functions\Functions.h(361,34): warning C4244: 'initialisation' : conversion de 'float' en 'UC::int32', perte possible de données
C:\Users\antho\Desktop\GS-Odyssey-5.41\GS-Odyssey-5.41\Functions\Functions.h(362,34): warning C4244: 'initialisation' : conversion de 'float' en 'UC::int32', perte possible de données
C:\Users\antho\Desktop\GS-Odyssey-5.41\GS-Odyssey-5.41\Functions\Functions.h(395,28): warning C4244: 'initialisation' : conversion de 'float' en 'UC::int32', perte possible de données
C:\Users\antho\Desktop\GS-Odyssey-5.41\GS-Odyssey-5.41\Functions\Functions.h(396,28): warning C4244: 'initialisation' : conversion de 'float' en 'UC::int32', perte possible de données
C:\Users\antho\Desktop\GS-Odyssey-5.41\GS-Odyssey-5.41\Functions\Functions.h(425,92): warning C4244: 'argument' : conversion de 'float' en 'UC::int32', perte possible de données
C:\Users\antho\Desktop\GS-Odyssey-5.41\GS-Odyssey-5.41\Functions\Functions.h(425,74): warning C4244: 'argument' : conversion de 'float' en 'UC::int32', perte possible de données
C:\Users\antho\Desktop\GS-Odyssey-5.41\GS-Odyssey-5.41\Functions\Functions.h(763,79): warning C4244: 'argument' : conversion de 'float' en 'UC::int32', perte possible de données
C:\Users\antho\Desktop\GS-Odyssey-5.41\GS-Odyssey-5.41\Functions\Functions.h(763,73): warning C4244: 'argument' : conversion de 'float' en 'UC::int32', perte possible de données
C:\Users\antho\Desktop\GS-Odyssey-5.41\GS-Odyssey-5.41\Functions\Functions.h(763,57): warning C4244: 'argument' : conversion de 'float' en 'UC::int32', perte possible de données
C:\Users\antho\Desktop\GS-Odyssey-5.41\GS-Odyssey-5.41\Functions\Functions.h(763,22): warning C4244: 'initialisation' : conversion de 'UC::int32' en 'float', perte possible de données
C:\Users\antho\Desktop\GS-Odyssey-5.41\GS-Odyssey-5.41\Functions\Functions.h(772,88): warning C4244: 'argument' : conversion de 'float' en 'UC::int32', perte possible de données
C:\Users\antho\Desktop\GS-Odyssey-5.41\GS-Odyssey-5.41\Functions\Functions.h(772,82): warning C4244: 'argument' : conversion de 'float' en 'UC::int32', perte possible de données
C:\Users\antho\Desktop\GS-Odyssey-5.41\GS-Odyssey-5.41\Functions\Functions.h(772,57): warning C4244: 'argument' : conversion de 'float' en 'UC::int32', perte possible de données
C:\Users\antho\Desktop\GS-Odyssey-5.41\GS-Odyssey-5.41\Functions\Functions.h(772,22): warning C4244: 'initialisation' : conversion de 'UC::int32' en 'float', perte possible de données
C:\Users\antho\Desktop\GS-Odyssey-5.41\GS-Odyssey-5.41\Globals\PlayerController.h(1102,41): warning C4101: 'e' : variable locale non référencée
C:\Users\antho\Desktop\GS-Odyssey-5.41\GS-Odyssey-5.41\Globals\PlayerController.h(1106,37): warning C4101: 'e' : variable locale non référencée
C:\Users\antho\Desktop\GS-Odyssey-5.41\GS-Odyssey-5.41\Globals\PlayerController.h(1127,41): warning C4101: 'e' : variable locale non référencée
C:\Users\antho\Desktop\GS-Odyssey-5.41\GS-Odyssey-5.41\Globals\PlayerController.h(1131,37): warning C4101: 'e' : variable locale non référencée
C:\Users\antho\Desktop\GS-Odyssey-5.41\GS-Odyssey-5.41\Globals\PlayerController.h(1152,41): warning C4101: 'e' : variable locale non référencée
C:\Users\antho\Desktop\GS-Odyssey-5.41\GS-Odyssey-5.41\Globals\PlayerController.h(1156,37): warning C4101: 'e' : variable locale non référencée
C:\Users\antho\Desktop\GS-Odyssey-5.41\GS-Odyssey-5.41\Globals\PlayerController.h(1177,41): warning C4101: 'e' : variable locale non référencée
C:\Users\antho\Desktop\GS-Odyssey-5.41\GS-Odyssey-5.41\Globals\PlayerController.h(1181,37): warning C4101: 'e' : variable locale non référencée
C:\Users\antho\Desktop\GS-Odyssey-5.41\GS-Odyssey-5.41\Globals\PlayerController.h(1207,41): warning C4101: 'e' : variable locale non référencée
C:\Users\antho\Desktop\GS-Odyssey-5.41\GS-Odyssey-5.41\Globals\PlayerController.h(1211,37): warning C4101: 'e' : variable locale non référencée
C:\Users\antho\Desktop\GS-Odyssey-5.41\GS-Odyssey-5.41\Globals\PlayerController.h(1270,41): warning C4101: 'e' : variable locale non référencée
C:\Users\antho\Desktop\GS-Odyssey-5.41\GS-Odyssey-5.41\Globals\PlayerController.h(1274,37): warning C4101: 'e' : variable locale non référencée
C:\Users\antho\Desktop\GS-Odyssey-5.41\GS-Odyssey-5.41\Globals\PlayerController.h(1297,41): warning C4101: 'e' : variable locale non référencée
C:\Users\antho\Desktop\GS-Odyssey-5.41\GS-Odyssey-5.41\Globals\PlayerController.h(1301,37): warning C4101: 'e' : variable locale non référencée
C:\Users\antho\Desktop\GS-Odyssey-5.41\GS-Odyssey-5.41\Globals\BuildingActor.h(578,30): warning C4244: 'initialisation' : conversion de 'UC::int32' en 'float', perte possible de données
C:\Users\antho\Desktop\GS-Odyssey-5.41\GS-Odyssey-5.41\Hooks.h(382,30): warning C4305: '/=' : troncation de 'double' à 'float'
C:\Users\antho\Desktop\GS-Odyssey-5.41\GS-Odyssey-5.41\Hooks.h(384,31): warning C4305: '/=' : troncation de 'double' à 'float'
C:\Users\antho\Desktop\GS-Odyssey-5.41\GS-Odyssey-5.41\dllmain.cpp(60,15): warning C4244: 'argument' : conversion de 'time_t' en 'unsigned int', perte possible de données
LINK : warning LNK4098: conflit entre la bibliothèque par défaut 'LIBCMTD' et les autres bibliothèques ; utilisez /NODEFAULTLIB:library
  Génération de code en cours
  61 of 2210 functions ( 2.8%) were compiled, the rest were copied from previous compilation.
    12 functions were new in current compilation
    93 functions had inline decision re-evaluated but remain unchanged
  Fin de la génération du code
  GS-Odyssey-5.41.vcxproj -> C:\Users\antho\Desktop\GS-Odyssey-5.41\GS-Odyssey-5.41\bin\Release\GS-Odyssey-5.41.dll
