c:\users\antho\desktop\gs-odyssey-5.41\gs-odyssey-5.41\obj\release\cube_functions.obj
c:\users\antho\desktop\gs-odyssey-5.41\gs-odyssey-5.41\obj\release\fortnitegame_functions.obj
c:\users\antho\desktop\gs-odyssey-5.41\gs-odyssey-5.41\obj\release\dllmain.obj
c:\users\antho\desktop\gs-odyssey-5.41\gs-odyssey-5.41\obj\release\basic.obj
c:\users\antho\desktop\gs-odyssey-5.41\gs-odyssey-5.41\obj\release\coreuobject_functions.obj
c:\users\antho\desktop\gs-odyssey-5.41\gs-odyssey-5.41\obj\release\gameplayabilities_functions.obj
c:\users\antho\desktop\gs-odyssey-5.41\gs-odyssey-5.41\obj\release\engine_functions.obj
c:\users\antho\desktop\gs-odyssey-5.41\gs-odyssey-5.41\obj\release\vc143.pdb
c:\users\antho\desktop\gs-odyssey-5.41\gs-odyssey-5.41\obj\release\athenasupplydrop_functions.obj
c:\users\antho\desktop\gs-odyssey-5.41\gs-odyssey-5.41\bin\release\gs-odyssey-5.41.dll
c:\users\antho\desktop\gs-odyssey-5.41\gs-odyssey-5.41\bin\release\gs-odyssey-5.41.pdb
c:\users\antho\desktop\gs-odyssey-5.41\gs-odyssey-5.41\obj\release\gs-odyssey-5.41.ipdb
c:\users\antho\desktop\gs-odyssey-5.41\gs-odyssey-5.41\obj\release\gs-odyssey-5.41.iobj
c:\users\antho\desktop\gs-odyssey-5.41\gs-odyssey-5.41\obj\release\gs-odyssey-5.41.tlog\cl.command.1.tlog
c:\users\antho\desktop\gs-odyssey-5.41\gs-odyssey-5.41\obj\release\gs-odyssey-5.41.tlog\cl.items.tlog
c:\users\antho\desktop\gs-odyssey-5.41\gs-odyssey-5.41\obj\release\gs-odyssey-5.41.tlog\cl.read.1.tlog
c:\users\antho\desktop\gs-odyssey-5.41\gs-odyssey-5.41\obj\release\gs-odyssey-5.41.tlog\cl.write.1.tlog
c:\users\antho\desktop\gs-odyssey-5.41\gs-odyssey-5.41\obj\release\gs-odyssey-5.41.tlog\link.command.1.tlog
c:\users\antho\desktop\gs-odyssey-5.41\gs-odyssey-5.41\obj\release\gs-odyssey-5.41.tlog\link.read.1.tlog
c:\users\antho\desktop\gs-odyssey-5.41\gs-odyssey-5.41\obj\release\gs-odyssey-5.41.tlog\link.secondary.1.tlog
c:\users\antho\desktop\gs-odyssey-5.41\gs-odyssey-5.41\obj\release\gs-odyssey-5.41.tlog\link.write.1.tlog
